<?xml version="1.0" encoding="UTF-8"?>
<!-- Generated by org.testng.reporters.JUnitXMLReporter -->
<testsuite hostname="BDC6-DX-6C7DNK2" name="Preethi_Test" tests="4" failures="0" timestamp="27 Aug 2019 05:27:21 GMT" time="0.102" errors="0">
  <testcase name="testLogin" time="0.012" classname="Preethi_T_Day1.Credentials"/>
  <testcase name="testLogin" time="0.004" classname="Preethi_T_Day1.Credentials"/>
  <testcase name="testTwitter" time="0.003" classname="Preethi_T_Day1.Priority"/>
  <testcase name="testGoogle" time="0.006" classname="Preethi_T_Day1.Priority"/>
</testsuite> <!-- Preethi_Test -->
